<?xml version="1.0" encoding="UTF-8"?>
<!-- Generated by org.testng.reporters.JUnitReportReporter -->
<testsuite hostname="KarimMahmoud" failures="0" tests="3" name="storedfunctionTesting.SFTesting" time="0.065" errors="0" timestamp="2023-06-26T07:52:14 EET" skipped="0">
  <testcase classname="storedfunctionTesting.SFTesting" name="test_storedFunctionExists" time="0.031"/>
  <system-out/>
  <testcase classname="storedfunctionTesting.SFTesting" name="test_CustomerLevel_with_SQLStatement" time="0.013"/>
  <system-out/>
  <testcase classname="storedfunctionTesting.SFTesting" name="test_CustomerLevel_with_StoredProcedure" time="0.021"/>
  <system-out/>
</testsuite> <!-- storedfunctionTesting.SFTesting -->
