<?xml version="1.0" encoding="UTF-8"?>
<!-- Generated by org.testng.reporters.JUnitReportReporter -->
<testsuite hostname="KarimMahmoud" failures="0" tests="6" name="storedprocedureTesting.SPTesting" time="0.091" errors="0" timestamp="2023-06-26T02:16:25 EET" skipped="0">
  <testcase classname="storedprocedureTesting.SPTesting" name="test_storedProcedureExists" time="0.031"/>
  <system-out/>
  <testcase classname="storedprocedureTesting.SPTesting" name="test_SelectAllCustomers" time="0.034"/>
  <system-out/>
  <testcase classname="storedprocedureTesting.SPTesting" name="test_SelectAllCustomersByCity" time="0.008"/>
  <system-out/>
  <testcase classname="storedprocedureTesting.SPTesting" name="test_SelectAllCustomersByCityAndpCode" time="0.006"/>
  <system-out/>
  <testcase classname="storedprocedureTesting.SPTesting" name="test_get_order_by_customer" time="0.007"/>
  <system-out/>
  <testcase classname="storedprocedureTesting.SPTesting" name="test_GetCustomerShipping" time="0.005"/>
  <system-out/>
</testsuite> <!-- storedprocedureTesting.SPTesting -->
